Using pre-set license
Built from '2020.3/staging' branch; Version is '2020.3.17f1 (a4537701e4ab) revision 10769271'; Using compiler version '192528614'; Build Type 'Release'
OS: 'Windows 10 Home; OS build 19043.1889; Version 2009; 64bit' Language: 'tr' Physical Memory: 8072 MB
BatchMode: 1, IsHumanControllingUs: 0, StartBugReporterOnCrash: 0, Is64bit: 1, IsPro: 0

COMMAND LINE ARGUMENTS:
C:\Program Files\Unity\Hub\Editor\2020.3.17f1\Editor\Unity.exe
-adb2
-batchMode
-noUpm
-name
AssetImportWorker0
-projectPath
C:/Users/berat/My project (1)
-logFile
Logs/AssetImportWorker0.log
-srvPort
61791
Successfully changed project path to: C:/Users/berat/My project (1)
C:/Users/berat/My project (1)
Using Asset Import Pipeline V2.
Refreshing native plugins compatible for Editor in 88.41 ms, found 2 plugins.
Preloading 0 native plugins for Editor in 0.00 ms.
Initialize engine version: 2020.3.17f1 (a4537701e4ab)
[Subsystems] Discovering subsystems at path C:/Program Files/Unity/Hub/Editor/2020.3.17f1/Editor/Data/Resources/UnitySubsystems
[Subsystems] Discovering subsystems at path C:/Users/berat/My project (1)/Assets
GfxDevice: creating device client; threaded=0
Direct3D:
    Version:  Direct3D 11.0 [level 11.1]
    Renderer: NVIDIA GeForce GTX 1050 (ID=0x1c91)
    Vendor:   
    VRAM:     2996 MB
    Driver:   30.0.14.9649
Initialize mono
Mono path[0] = 'C:/Program Files/Unity/Hub/Editor/2020.3.17f1/Editor/Data/Managed'
Mono path[1] = 'C:/Program Files/Unity/Hub/Editor/2020.3.17f1/Editor/Data/MonoBleedingEdge/lib/mono/unityjit'
Mono config path = 'C:/Program Files/Unity/Hub/Editor/2020.3.17f1/Editor/Data/MonoBleedingEdge/etc'
Using monoOptions --debugger-agent=transport=dt_socket,embedding=1,server=y,suspend=n,address=127.0.0.1:56636
Begin MonoManager ReloadAssembly
Registering precompiled unity dll's ...
Register platform support module: C:/Program Files/Unity/Hub/Editor/2020.3.17f1/Editor/Data/PlaybackEngines/WindowsStandaloneSupport/UnityEditor.WindowsStandalone.Extensions.dll
Registered in 0.008557 seconds.
Native extension for WindowsStandalone target not found
Refreshing native plugins compatible for Editor in 59.60 ms, found 2 plugins.
Preloading 0 native plugins for Editor in 0.00 ms.
Mono: successfully reloaded assembly
- Completed reload, in  4.732 seconds
Domain Reload Profiling:
	ReloadAssembly (4734ms)
		BeginReloadAssembly (100ms)
			ExecutionOrderSort (0ms)
			DisableScriptedObjects (0ms)
			BackupInstance (0ms)
			ReleaseScriptingObjects (0ms)
			CreateAndSetChildDomain (2ms)
		EndReloadAssembly (932ms)
			LoadAssemblies (95ms)
			RebuildTransferFunctionScriptingTraits (15ms)
			SetupTypeCache (383ms)
			ReleaseScriptCaches (0ms)
			RebuildScriptCaches (62ms)
			SetupLoadedEditorAssemblies (331ms)
				LogAssemblyErrors (0ms)
				InitializePlatformSupportModulesInManaged (25ms)
				SetLoadedEditorAssemblies (1ms)
				RefreshPlugins (60ms)
				BeforeProcessingInitializeOnLoad (22ms)
				ProcessInitializeOnLoadAttributes (146ms)
				ProcessInitializeOnLoadMethodAttributes (76ms)
				AfterProcessingInitializeOnLoad (0ms)
				EditorAssembliesLoaded (1ms)
			ExecutionOrderSort2 (0ms)
			AwakeInstancesAfterBackupRestoration (0ms)
Platform modules already initialized, skipping
Registering precompiled user dll's ...
Registered in 1.890192 seconds.
Begin MonoManager ReloadAssembly
Native extension for WindowsStandalone target not found
Refreshing native plugins compatible for Editor in 0.30 ms, found 2 plugins.
Preloading 0 native plugins for Editor in 0.00 ms.
Mono: successfully reloaded assembly
- Completed reload, in  2.589 seconds
Domain Reload Profiling:
	ReloadAssembly (2594ms)
		BeginReloadAssembly (146ms)
			ExecutionOrderSort (1ms)
			DisableScriptedObjects (5ms)
			BackupInstance (0ms)
			ReleaseScriptingObjects (0ms)
			CreateAndSetChildDomain (21ms)
		EndReloadAssembly (2372ms)
			LoadAssemblies (1583ms)
			RebuildTransferFunctionScriptingTraits (0ms)
			SetupTypeCache (251ms)
			ReleaseScriptCaches (0ms)
			RebuildScriptCaches (39ms)
			SetupLoadedEditorAssemblies (395ms)
				LogAssemblyErrors (0ms)
				InitializePlatformSupportModulesInManaged (5ms)
				SetLoadedEditorAssemblies (0ms)
				RefreshPlugins (0ms)
				BeforeProcessingInitializeOnLoad (53ms)
				ProcessInitializeOnLoadAttributes (325ms)
				ProcessInitializeOnLoadMethodAttributes (4ms)
				AfterProcessingInitializeOnLoad (7ms)
				EditorAssembliesLoaded (0ms)
			ExecutionOrderSort2 (0ms)
			AwakeInstancesAfterBackupRestoration (9ms)
Platform modules already initialized, skipping
========================================================================
Worker process is ready to serve import requests
Launched and connected shader compiler UnityShaderCompiler.exe after 0.08 seconds
Refreshing native plugins compatible for Editor in 0.34 ms, found 2 plugins.
Preloading 0 native plugins for Editor in 0.00 ms.
Unloading 1398 Unused Serialized files (Serialized files now loaded: 0)
System memory in use before: 78.7 MB.
System memory in use after: 78.8 MB.

Unloading 18 unused Assets to reduce memory usage. Loaded Objects now: 1832.
Total: 2.842800 ms (FindLiveObjects: 0.172100 ms CreateObjectMapping: 0.061100 ms MarkObjects: 2.539500 ms  DeleteObjects: 0.069200 ms)

AssetImportParameters requested are different than current active one (requested -> active):
  custom:framework-win-MediaFoundation: 216162199b28c13a410421893ffa2e32 -> 
  custom:video-decoder-ogg-theora: a1e56fd34408186e4bbccfd4996cb3dc -> 
  custom:container-muxer-webm: aa71ff27fc2769a1b78a27578f13a17b -> 
  custom:container-demuxer-webm: 4f35f7cbe854078d1ac9338744f61a02 -> 
  custom:container-demuxer-ogg: 62fdf1f143b41e24485cea50d1cbac27 -> 
  custom:video-encoder-webm-vp8: eb34c28f22e8b96e1ab97ce403110664 -> 
  custom:video-decoder-webm-vp8: 9c59270c3fd7afecdb556c50c9e8de78 -> 
  custom:audio-decoder-ogg-vorbis: bf7c407c2cedff20999df2af8eb42d56 -> 
  custom:audio-encoder-webm-vorbis: bf7c407c2cedff20999df2af8eb42d56 -> 
========================================================================
Received Import Request.
  path: Assets/_GAME/Scenes
  artifactKey: Guid(93cd9d8ca71191c4e9fd11c04e776e3c) Importer(815301076,1909f56bfc062723c751e8b465ee728b)
Start importing Assets/_GAME/Scenes using Guid(93cd9d8ca71191c4e9fd11c04e776e3c) Importer(815301076,1909f56bfc062723c751e8b465ee728b)  -> (artifact id: '29fdbfa8c7aeca927bb28e1e05986ceb') in 0.007437 seconds 
  Import took 0.009518 seconds .

========================================================================
Received Import Request.
  Time since last request: 0.000299 seconds.
  path: Assets/_GAME/Scenes/PinkGame_Case.unity
  artifactKey: Guid(f279ec72afa69ae499514cdd23485c09) Importer(815301076,1909f56bfc062723c751e8b465ee728b)
Start importing Assets/_GAME/Scenes/PinkGame_Case.unity using Guid(f279ec72afa69ae499514cdd23485c09) Importer(815301076,1909f56bfc062723c751e8b465ee728b)  -> (artifact id: 'be4be20129412acf63cc747750fbea7c') in 0.011684 seconds 
  Import took 0.013714 seconds .

========================================================================
Received Import Request.
  Time since last request: 37.542663 seconds.
  path: Assets/JMO Assets/Toony Colors Pro
  artifactKey: Guid(23f19779f6e39a448a2078cc8bdd6ca1) Importer(815301076,1909f56bfc062723c751e8b465ee728b)
Start importing Assets/JMO Assets/Toony Colors Pro using Guid(23f19779f6e39a448a2078cc8bdd6ca1) Importer(815301076,1909f56bfc062723c751e8b465ee728b)  -> (artifact id: '8e05fb25ffa512f6a2731d6fef9332e8') in 0.009634 seconds 
  Import took 0.013708 seconds .

========================================================================
Received Import Request.
  Time since last request: 0.001185 seconds.
  path: Assets/JMO Assets/Toony Colors Pro
  artifactKey: Guid(23f19779f6e39a448a2078cc8bdd6ca1) Importer(815301076,1909f56bfc062723c751e8b465ee728b)
Start importing Assets/JMO Assets/Toony Colors Pro using Guid(23f19779f6e39a448a2078cc8bdd6ca1) Importer(815301076,1909f56bfc062723c751e8b465ee728b)  -> (artifact id: '8e05fb25ffa512f6a2731d6fef9332e8') in 0.002163 seconds 
  Import took 0.005797 seconds .

========================================================================
Received Import Request.
  Time since last request: 1.025787 seconds.
  path: Assets/JMO Assets/Toony Colors Pro/Shaders Generated
  artifactKey: Guid(d5907a49f2ff8ce408395afe7507605c) Importer(815301076,1909f56bfc062723c751e8b465ee728b)
Start importing Assets/JMO Assets/Toony Colors Pro/Shaders Generated using Guid(d5907a49f2ff8ce408395afe7507605c) Importer(815301076,1909f56bfc062723c751e8b465ee728b)  -> (artifact id: '457ae23c42159beecd8bd481f889a1cc') in 0.005863 seconds 
  Import took 0.010253 seconds .

========================================================================
Received Import Request.
  Time since last request: 0.000336 seconds.
  path: Assets/JMO Assets/Toony Colors Pro/Shaders Generated
  artifactKey: Guid(d5907a49f2ff8ce408395afe7507605c) Importer(815301076,1909f56bfc062723c751e8b465ee728b)
Start importing Assets/JMO Assets/Toony Colors Pro/Shaders Generated using Guid(d5907a49f2ff8ce408395afe7507605c) Importer(815301076,1909f56bfc062723c751e8b465ee728b)  -> (artifact id: '457ae23c42159beecd8bd481f889a1cc') in 0.005637 seconds 
  Import took 0.009206 seconds .

========================================================================
Received Import Request.
  Time since last request: 0.638230 seconds.
  path: Assets/JMO Assets/Toony Colors Pro/Shaders Generated/User
  artifactKey: Guid(be717e3180600d448bfb94a30a2616e5) Importer(815301076,1909f56bfc062723c751e8b465ee728b)
Start importing Assets/JMO Assets/Toony Colors Pro/Shaders Generated/User using Guid(be717e3180600d448bfb94a30a2616e5) Importer(815301076,1909f56bfc062723c751e8b465ee728b)  -> (artifact id: 'a1af2cf06a9fa76826dc7e07ceb9c49c') in 0.012557 seconds 
  Import took 0.015827 seconds .

========================================================================
Received Import Request.
  Time since last request: 0.899528 seconds.
  path: Assets/JMO Assets/Toony Colors Pro/Shaders Generated/User/Custom Toony Shader.shader
  artifactKey: Guid(11fd35c2672c27c4f8ce2b2a8e6a8371) Importer(815301076,1909f56bfc062723c751e8b465ee728b)
Start importing Assets/JMO Assets/Toony Colors Pro/Shaders Generated/User/Custom Toony Shader.shader using Guid(11fd35c2672c27c4f8ce2b2a8e6a8371) Importer(815301076,1909f56bfc062723c751e8b465ee728b)  -> (artifact id: '0a381a40b27df5b134e9e8a90bcbbc4a') in 0.022002 seconds 
  Import took 0.024213 seconds .

========================================================================
Received Import Request.
  Time since last request: 0.001256 seconds.
  path: Assets/JMO Assets/Toony Colors Pro/Shaders Generated/User/Custom Toony Shader.shader
  artifactKey: Guid(11fd35c2672c27c4f8ce2b2a8e6a8371) Importer(815301076,1909f56bfc062723c751e8b465ee728b)
Start importing Assets/JMO Assets/Toony Colors Pro/Shaders Generated/User/Custom Toony Shader.shader using Guid(11fd35c2672c27c4f8ce2b2a8e6a8371) Importer(815301076,1909f56bfc062723c751e8b465ee728b)  -> (artifact id: '0a381a40b27df5b134e9e8a90bcbbc4a') in 0.002206 seconds 
  Import took 0.004312 seconds .

========================================================================
Received Import Request.
  Time since last request: 7.189106 seconds.
  path: Assets/JMO Assets/Toony Colors Pro/Textures/TCP2_NoTileNoise.png
  artifactKey: Guid(af5515bfe14f1af4a9b8b3bf306b9261) Importer(815301076,1909f56bfc062723c751e8b465ee728b)
Start importing Assets/JMO Assets/Toony Colors Pro/Textures/TCP2_NoTileNoise.png using Guid(af5515bfe14f1af4a9b8b3bf306b9261) Importer(815301076,1909f56bfc062723c751e8b465ee728b)  -> (artifact id: 'b66b440302633e8522fc38886c0969a0') in 0.071292 seconds 
  Import took 0.074915 seconds .

========================================================================
Received Import Request.
  Time since last request: 0.925856 seconds.
  path: Assets/JMO Assets/Toony Colors Pro/Textures/Ramps
  artifactKey: Guid(88c12dccd04e56841a2b69fc250cda1a) Importer(815301076,1909f56bfc062723c751e8b465ee728b)
Start importing Assets/JMO Assets/Toony Colors Pro/Textures/Ramps using Guid(88c12dccd04e56841a2b69fc250cda1a) Importer(815301076,1909f56bfc062723c751e8b465ee728b)  -> (artifact id: 'af51ed82221cc117d494dfe9c1c3b6af') in 0.010662 seconds 
  Import took 0.013765 seconds .

========================================================================
Received Import Request.
  Time since last request: 0.045815 seconds.
  path: Assets/JMO Assets/Toony Colors Pro/Textures/Ramps/TCP2_Ramp_UnityGradient.png
  artifactKey: Guid(ccad9b0732473ee4e95de81e50e9050f) Importer(815301076,1909f56bfc062723c751e8b465ee728b)
Start importing Assets/JMO Assets/Toony Colors Pro/Textures/Ramps/TCP2_Ramp_UnityGradient.png using Guid(ccad9b0732473ee4e95de81e50e9050f) Importer(815301076,1909f56bfc062723c751e8b465ee728b)  -> (artifact id: '8d29b3632a1d4e5a6e881a9ed88f987c') in 0.014719 seconds 
  Import took 0.018326 seconds .

========================================================================
Received Import Request.
  Time since last request: 22.518127 seconds.
  path: Assets/_ART/Materials
  artifactKey: Guid(e819776d291784b44ab7707d6f656f80) Importer(815301076,1909f56bfc062723c751e8b465ee728b)
Start importing Assets/_ART/Materials using Guid(e819776d291784b44ab7707d6f656f80) Importer(815301076,1909f56bfc062723c751e8b465ee728b)  -> (artifact id: 'b7c6378bd7fe7cd26344bb8f59f7a98b') in 0.006974 seconds 
  Import took 0.009913 seconds .

========================================================================
Received Import Request.
  Time since last request: 0.003205 seconds.
  path: Assets/_ART/Materials
  artifactKey: Guid(e819776d291784b44ab7707d6f656f80) Importer(815301076,1909f56bfc062723c751e8b465ee728b)
Start importing Assets/_ART/Materials using Guid(e819776d291784b44ab7707d6f656f80) Importer(815301076,1909f56bfc062723c751e8b465ee728b)  -> (artifact id: 'b7c6378bd7fe7cd26344bb8f59f7a98b') in 0.002184 seconds 
  Import took 0.006883 seconds .

========================================================================
Received Import Request.
  Time since last request: 0.367304 seconds.
  path: Assets/_ART/Prefabs
  artifactKey: Guid(96a97763fb3c2de4b97a5d29614aff06) Importer(815301076,1909f56bfc062723c751e8b465ee728b)
Start importing Assets/_ART/Prefabs using Guid(96a97763fb3c2de4b97a5d29614aff06) Importer(815301076,1909f56bfc062723c751e8b465ee728b)  -> (artifact id: 'd3b21f478701b81271a2f633d5f08815') in 0.007973 seconds 
  Import took 0.015020 seconds .

========================================================================
Received Import Request.
  Time since last request: 7.589045 seconds.
  path: Assets/JMO Assets
  artifactKey: Guid(1becf246c4d0b3c4ab4e38bba4a9855c) Importer(815301076,1909f56bfc062723c751e8b465ee728b)
Start importing Assets/JMO Assets using Guid(1becf246c4d0b3c4ab4e38bba4a9855c) Importer(815301076,1909f56bfc062723c751e8b465ee728b)  -> (artifact id: '7c3d5d38310dc6e7c98374f6e0bf7aeb') in 0.016529 seconds 
  Import took 0.018723 seconds .

========================================================================
Received Import Request.
  Time since last request: 3.271171 seconds.
  path: Assets/Scenes
  artifactKey: Guid(992221e8e82421c46909de0913f361e9) Importer(815301076,1909f56bfc062723c751e8b465ee728b)
Start importing Assets/Scenes using Guid(992221e8e82421c46909de0913f361e9) Importer(815301076,1909f56bfc062723c751e8b465ee728b)  -> (artifact id: 'fbc0cebfd70ccfbe2ffe8e5a211ac2e7') in 0.003233 seconds 
  Import took 0.007017 seconds .

========================================================================
Received Import Request.
  Time since last request: 1.519047 seconds.
  path: Assets/_ART
  artifactKey: Guid(6884637dc6d40d84197f08ae5671eb0e) Importer(815301076,1909f56bfc062723c751e8b465ee728b)
Start importing Assets/_ART using Guid(6884637dc6d40d84197f08ae5671eb0e) Importer(815301076,1909f56bfc062723c751e8b465ee728b)  -> (artifact id: 'd818c906c6e5fa25ac0834f0d051e995') in 0.012702 seconds 
  Import took 0.016773 seconds .

========================================================================
Received Import Request.
  Time since last request: 6013.601680 seconds.
  path: Assets
  artifactKey: Guid(00000000000000001000000000000000) Importer(815301076,1909f56bfc062723c751e8b465ee728b)
Start importing Assets using Guid(00000000000000001000000000000000) Importer(815301076,1909f56bfc062723c751e8b465ee728b)  -> (artifact id: '42d402b061de3733987d63b9cc3b64de') in 0.015959 seconds 
  Import took 0.084251 seconds .

